<?xml version="1.0" encoding="UTF-8"?>
<!-- Generated by org.testng.reporters.JUnitReportReporter -->
<testsuite skipped="0" hostname="DESKTOP-8SLUMJ0" name="com.srm.qa.testcases.HomePageTest" tests="3" failures="0" timestamp="29 Nov 2020 06:48:26 GMT" time="62.396" errors="0">
  <testcase name="verifyHomePageTitleTest" time="26.181" classname="com.srm.qa.testcases.HomePageTest"/>
  <testcase name="verifyUserNameTest" time="18.186" classname="com.srm.qa.testcases.HomePageTest"/>
  <testcase name="verifyContactlinkTest" time="18.029" classname="com.srm.qa.testcases.HomePageTest"/>
</testsuite> <!-- com.srm.qa.testcases.HomePageTest -->
