<?xml version="1.0" encoding="UTF-8"?>
<!-- Generated by org.testng.reporters.JUnitReportReporter -->
<testsuite skipped="0" hostname="DESKTOP-8SLUMJ0" name="com.crm.qa.testcases.HomePageTest" tests="3" failures="0" timestamp="30 Nov 2020 21:49:57 GMT" time="73.314" errors="0">
  <testcase name="verifyHomePageTitleTest" time="19.570" classname="com.crm.qa.testcases.HomePageTest"/>
  <testcase name="verifyUserNameTest" time="36.189" classname="com.crm.qa.testcases.HomePageTest"/>
  <testcase name="verifyContactlinkTest" time="17.555" classname="com.crm.qa.testcases.HomePageTest"/>
</testsuite> <!-- com.crm.qa.testcases.HomePageTest -->
